<?xml version="1.0" encoding="UTF-8" ?>
<testsuite failures="0" time="0.737" errors="0" skipped="1" tests="4" name="com.darringer.games.sudoku.TestSudokuSolver">
  <properties>
[...]
</properties>
  <testcase time="0.439" classname="com.darringer.games.sudoku.TestSudokuSolver" name="testEasyPuzzle1"/>
  <testcase time="0.198" classname="com.darringer.games.sudoku.TestSudokuSolver" name="testEasyPuzzle2"/>
  <testcase time="0.199" classname="com.darringer.games.sudoku.TestSudokuSolver" name="testHardLevelPuzzle1">
    <skipped/>
  </testcase>
  <testcase time="0.023" classname="com.darringer.games.sudoku.TestSudokuSolver" name="testUnsolvablePuzzle"/>
</testsuite>