<?xml version="1.0" encoding="UTF-8" ?>
<testsuite failures="0" time="1.082" errors="1" skipped="0" tests="6" name="com.darringer.games.sudoku.TestSudokuSolver">
  <properties>
[...]
</properties>
  <testcase time="0.381" classname="com.darringer.games.sudoku.TestSudokuSolver" name="testEasyPuzzle1"/>
  <testcase time="0.136" classname="com.darringer.games.sudoku.TestSudokuSolver" name="testEasyPuzzle2"/>
  <testcase time="0.099" classname="com.darringer.games.sudoku.TestSudokuSolver" name="testEasyPuzzle3"/>
  <testcase time="0.215" classname="com.darringer.games.sudoku.TestSudokuSolver" name="testEasyPuzzle4"/>
  <testcase time="0.131" classname="com.darringer.games.sudoku.TestSudokuSolver" name="testHardLevelPuzzle1">
    <error message="The given model appears to be unsolvable with current strategies.  Stuck at option count: 175" type="java.lang.IllegalArgumentException">java.lang.IllegalArgumentException: The given model appears to be unsolvable with current strategies.  Stuck at option count: 175
	at com.darringer.games.sudoku.SudokuSolver.solve(SudokuSolver.java:38)
	at com.darringer.games.sudoku.TestSudokuSolver.testHardLevelPuzzle1(TestSudokuSolver.java:176)
	at sun.reflect.NativeMethodAccessorImpl.invoke0(Native Method)
	at sun.reflect.NativeMethodAccessorImpl.invoke(NativeMethodAccessorImpl.java:57)
	at sun.reflect.DelegatingMethodAccessorImpl.invoke(DelegatingMethodAccessorImpl.java:43)
	at java.lang.reflect.Method.invoke(Method.java:606)
	at org.junit.runners.model.FrameworkMethod$1.runReflectiveCall(FrameworkMethod.java:44)
	at org.junit.internal.runners.model.ReflectiveCallable.run(ReflectiveCallable.java:15)
	at org.junit.runners.model.FrameworkMethod.invokeExplosively(FrameworkMethod.java:41)
	at org.junit.internal.runners.statements.InvokeMethod.evaluate(InvokeMethod.java:20)
	at org.junit.runners.BlockJUnit4ClassRunner.runNotIgnored(BlockJUnit4ClassRunner.java:79)
	at org.junit.runners.BlockJUnit4ClassRunner.runChild(BlockJUnit4ClassRunner.java:71)
	at org.junit.runners.BlockJUnit4ClassRunner.runChild(BlockJUnit4ClassRunner.java:49)
	at org.junit.runners.ParentRunner$3.run(ParentRunner.java:193)
	at org.junit.runners.ParentRunner$1.schedule(ParentRunner.java:52)
	at org.junit.runners.ParentRunner.runChildren(ParentRunner.java:191)
	at org.junit.runners.ParentRunner.access$000(ParentRunner.java:42)
	at org.junit.runners.ParentRunner$2.evaluate(ParentRunner.java:184)
	at org.junit.runners.ParentRunner.run(ParentRunner.java:236)
	at org.apache.maven.surefire.junit4.JUnit4TestSet.execute(JUnit4TestSet.java:62)
	at org.apache.maven.surefire.suite.AbstractDirectoryTestSuite.executeTestSet(AbstractDirectoryTestSuite.java:140)
	at org.apache.maven.surefire.suite.AbstractDirectoryTestSuite.execute(AbstractDirectoryTestSuite.java:127)
	at org.apache.maven.surefire.Surefire.run(Surefire.java:177)
	at sun.reflect.NativeMethodAccessorImpl.invoke0(Native Method)
	at sun.reflect.NativeMethodAccessorImpl.invoke(NativeMethodAccessorImpl.java:57)
	at sun.reflect.DelegatingMethodAccessorImpl.invoke(DelegatingMethodAccessorImpl.java:43)
	at java.lang.reflect.Method.invoke(Method.java:606)
	at org.apache.maven.surefire.booter.SurefireBooter.runSuitesInProcess(SurefireBooter.java:345)
	at org.apache.maven.surefire.booter.SurefireBooter.main(SurefireBooter.java:1009)
</error>
  </testcase>
  <testcase time="0.055" classname="com.darringer.games.sudoku.TestSudokuSolver" name="testUnsolvablePuzzle"/>
</testsuite>